<?xml version="1.0" encoding="UTF-8"?>
<!-- Generated by org.testng.reporters.JUnitReportReporter -->
<testsuite skipped="0" hostname="DESKTOP-47CBB23" name="tests.TestFacebook" tests="1" failures="0" timestamp="2020-08-22T19:59:30 IST" time="34.594" errors="0">
  <testcase name="TestFireFox" time="34.594" classname="tests.TestFacebook"/>
  <system-out/>
</testsuite> <!-- tests.TestFacebook -->
