<?xml version="1.0" encoding="UTF-8"?>
<!-- Generated by org.testng.reporters.JUnitReportReporter -->
<testsuite skipped="0" hostname="DESKTOP-47CBB23" name="tests.LoginTest" tests="1" failures="0" timestamp="2020-08-22T19:59:30 IST" time="53.219" errors="0">
  <testcase name="TestFireFox" time="53.219" classname="tests.LoginTest"/>
  <system-out/>
</testsuite> <!-- tests.LoginTest -->
