<?xml version="1.0" encoding="UTF-8"?>
<!-- Generated by org.testng.reporters.JUnitReportReporter -->
<testsuite skipped="0" hostname="DESKTOP-47CBB23" name="tests.LoginTest" tests="1" failures="0" timestamp="2020-09-06T23:30:08 IST" time="41.306" errors="0">
  <testcase name="TestFireFox" time="41.306" classname="tests.LoginTest"/>
  <system-out/>
</testsuite> <!-- tests.LoginTest -->
